<?xml version="1.0" encoding="UTF-8"?>
<!-- Generated by org.testng.reporters.JUnitXMLReporter -->
<testsuite ignored="0" hostname="Zenabs-MacBook-Pro.local" failures="0" tests="5" name="Surefire test" time="17.352" errors="0" timestamp="2025-03-11T15:52:35 IST">
  <testcase classname="petStoreSwaggerAPITests.TestAPI" name="testGetAllAvailablePetDetails" time="10.484"/>
  <testcase classname="petStoreSwaggerAPITests.TestAPI" name="testFindPetByID" time="0.47"/>
  <testcase classname="petStoreSwaggerAPITests.TestAPI" name="testCreatePet" time="0.683"/>
  <testcase classname="petStoreSwaggerAPITests.TestAPI" name="testUpdatePet" time="0.384"/>
  <testcase classname="petStoreSwaggerAPITests.TestAPI" name="testDeletePet" time="0.354"/>
</testsuite> <!-- Surefire test -->
