<?xml version="1.0" encoding="UTF-8"?>
<!-- Generated by org.testng.reporters.JUnitXMLReporter -->
<testsuite ignored="0" hostname="Zenabs-MacBook-Pro.local" failures="0" tests="5" name="Surefire test" time="4.727" errors="0" timestamp="2025-03-11T02:32:07 IST">
  <testcase classname="petStoreSwaggerAPITests.TestAPI" name="testGetAllAvailablePetDetails" time="3.063"/>
  <testcase classname="petStoreSwaggerAPITests.TestAPI" name="testFindPetByID" time="0.293"/>
  <testcase classname="petStoreSwaggerAPITests.TestAPI" name="testCreatePet" time="0.318"/>
  <testcase classname="petStoreSwaggerAPITests.TestAPI" name="testUpdatePet" time="0.309"/>
  <testcase classname="petStoreSwaggerAPITests.TestAPI" name="testDeletePet" time="0.292"/>
</testsuite> <!-- Surefire test -->
