<?xml version="1.0" encoding="UTF-8"?>
<testng-results ignored="0" total="5" passed="5" failed="0" skipped="0">
  <reporter-output>
  </reporter-output>
  <suite started-at="2025-03-11T02:31:57 IST" name="Surefire suite" finished-at="2025-03-11T02:32:02 IST" duration-ms="4727">
    <groups>
    </groups>
    <test started-at="2025-03-11T02:31:57 IST" name="Surefire test" finished-at="2025-03-11T02:32:02 IST" duration-ms="4727">
      <class name="petStoreSwaggerAPITests.TestAPI">
        <test-method is-config="true" signature="beforeSuite()[pri:0, instance:petStoreSwaggerAPITests.TestAPI@1df82230]" started-at="2025-03-11T02:31:57 IST" name="beforeSuite" finished-at="2025-03-11T02:31:57 IST" duration-ms="294" status="PASS">
          <reporter-output>
          </reporter-output>
        </test-method> <!-- beforeSuite -->
        <test-method is-config="true" signature="beforeTest(org.testng.ITestContext)[pri:0, instance:petStoreSwaggerAPITests.TestAPI@1df82230]" started-at="2025-03-11T02:31:57 IST" name="beforeTest" finished-at="2025-03-11T02:31:57 IST" duration-ms="5" status="PASS">
          <params>
            <param index="0">
              <value>
                <![CDATA[org.testng.TestRunner@632aa1a3]]>
              </value>
            </param>
          </params>
          <reporter-output>
          </reporter-output>
        </test-method> <!-- beforeTest -->
        <test-method is-config="true" signature="initialiseLog4j()[pri:0, instance:petStoreSwaggerAPITests.TestAPI@1df82230]" started-at="2025-03-11T02:31:57 IST" name="initialiseLog4j" finished-at="2025-03-11T02:31:57 IST" duration-ms="7" status="PASS">
          <reporter-output>
          </reporter-output>
        </test-method> <!-- initialiseLog4j -->
        <test-method is-config="true" signature="before(org.testng.ITestResult)[pri:0, instance:petStoreSwaggerAPITests.TestAPI@1df82230]" started-at="2025-03-11T02:31:57 IST" name="before" finished-at="2025-03-11T02:31:57 IST" duration-ms="5" status="PASS">
          <params>
            <param index="0">
              <value>
                <![CDATA[[TestResult name={null} status=CREATED method=TestAPI.testGetAllAvailablePetDetails()[pri:0, instance:petStoreSwaggerAPITests.TestAPI@1df82230] output={null}]]]>
              </value>
            </param>
          </params>
          <reporter-output>
          </reporter-output>
        </test-method> <!-- before -->
        <test-method signature="testGetAllAvailablePetDetails()[pri:0, instance:petStoreSwaggerAPITests.TestAPI@1df82230]" started-at="2025-03-11T02:31:57 IST" name="testGetAllAvailablePetDetails" finished-at="2025-03-11T02:32:00 IST" duration-ms="3063" status="PASS">
          <reporter-output>
          </reporter-output>
        </test-method> <!-- testGetAllAvailablePetDetails -->
        <test-method is-config="true" signature="getTestResultInExtentReport(org.testng.ITestResult)[pri:0, instance:petStoreSwaggerAPITests.TestAPI@1df82230]" started-at="2025-03-11T02:32:00 IST" name="getTestResultInExtentReport" finished-at="2025-03-11T02:32:01 IST" duration-ms="353" status="PASS">
          <params>
            <param index="0">
              <value>
                <![CDATA[[TestResult name=testGetAllAvailablePetDetails status=SUCCESS method=TestAPI.testGetAllAvailablePetDetails()[pri:0, instance:petStoreSwaggerAPITests.TestAPI@1df82230] output={null}]]]>
              </value>
            </param>
          </params>
          <reporter-output>
          </reporter-output>
        </test-method> <!-- getTestResultInExtentReport -->
        <test-method is-config="true" signature="before(org.testng.ITestResult)[pri:0, instance:petStoreSwaggerAPITests.TestAPI@1df82230]" started-at="2025-03-11T02:32:01 IST" name="before" finished-at="2025-03-11T02:32:01 IST" duration-ms="1" status="PASS">
          <params>
            <param index="0">
              <value>
                <![CDATA[[TestResult name={null} status=CREATED method=TestAPI.testFindPetByID()[pri:1, instance:petStoreSwaggerAPITests.TestAPI@1df82230] output={null}]]]>
              </value>
            </param>
          </params>
          <reporter-output>
          </reporter-output>
        </test-method> <!-- before -->
        <test-method signature="testFindPetByID()[pri:1, instance:petStoreSwaggerAPITests.TestAPI@1df82230]" started-at="2025-03-11T02:32:01 IST" name="testFindPetByID" finished-at="2025-03-11T02:32:01 IST" duration-ms="293" status="PASS">
          <reporter-output>
          </reporter-output>
        </test-method> <!-- testFindPetByID -->
        <test-method is-config="true" signature="getTestResultInExtentReport(org.testng.ITestResult)[pri:0, instance:petStoreSwaggerAPITests.TestAPI@1df82230]" started-at="2025-03-11T02:32:01 IST" name="getTestResultInExtentReport" finished-at="2025-03-11T02:32:01 IST" duration-ms="10" status="PASS">
          <params>
            <param index="0">
              <value>
                <![CDATA[[TestResult name=testFindPetByID status=SUCCESS method=TestAPI.testFindPetByID()[pri:1, instance:petStoreSwaggerAPITests.TestAPI@1df82230] output={null}]]]>
              </value>
            </param>
          </params>
          <reporter-output>
          </reporter-output>
        </test-method> <!-- getTestResultInExtentReport -->
        <test-method is-config="true" signature="before(org.testng.ITestResult)[pri:0, instance:petStoreSwaggerAPITests.TestAPI@1df82230]" started-at="2025-03-11T02:32:01 IST" name="before" finished-at="2025-03-11T02:32:01 IST" duration-ms="1" status="PASS">
          <params>
            <param index="0">
              <value>
                <![CDATA[[TestResult name={null} status=CREATED method=TestAPI.testCreatePet()[pri:2, instance:petStoreSwaggerAPITests.TestAPI@1df82230] output={null}]]]>
              </value>
            </param>
          </params>
          <reporter-output>
          </reporter-output>
        </test-method> <!-- before -->
        <test-method signature="testCreatePet()[pri:2, instance:petStoreSwaggerAPITests.TestAPI@1df82230]" started-at="2025-03-11T02:32:01 IST" name="testCreatePet" finished-at="2025-03-11T02:32:01 IST" duration-ms="318" status="PASS">
          <reporter-output>
          </reporter-output>
        </test-method> <!-- testCreatePet -->
        <test-method is-config="true" signature="getTestResultInExtentReport(org.testng.ITestResult)[pri:0, instance:petStoreSwaggerAPITests.TestAPI@1df82230]" started-at="2025-03-11T02:32:01 IST" name="getTestResultInExtentReport" finished-at="2025-03-11T02:32:01 IST" duration-ms="11" status="PASS">
          <params>
            <param index="0">
              <value>
                <![CDATA[[TestResult name=testCreatePet status=SUCCESS method=TestAPI.testCreatePet()[pri:2, instance:petStoreSwaggerAPITests.TestAPI@1df82230] output={null}]]]>
              </value>
            </param>
          </params>
          <reporter-output>
          </reporter-output>
        </test-method> <!-- getTestResultInExtentReport -->
        <test-method is-config="true" signature="before(org.testng.ITestResult)[pri:0, instance:petStoreSwaggerAPITests.TestAPI@1df82230]" started-at="2025-03-11T02:32:01 IST" name="before" finished-at="2025-03-11T02:32:01 IST" duration-ms="1" status="PASS">
          <params>
            <param index="0">
              <value>
                <![CDATA[[TestResult name={null} status=CREATED method=TestAPI.testUpdatePet()[pri:3, instance:petStoreSwaggerAPITests.TestAPI@1df82230] output={null}]]]>
              </value>
            </param>
          </params>
          <reporter-output>
          </reporter-output>
        </test-method> <!-- before -->
        <test-method signature="testUpdatePet()[pri:3, instance:petStoreSwaggerAPITests.TestAPI@1df82230]" started-at="2025-03-11T02:32:01 IST" name="testUpdatePet" finished-at="2025-03-11T02:32:02 IST" duration-ms="309" status="PASS">
          <reporter-output>
          </reporter-output>
        </test-method> <!-- testUpdatePet -->
        <test-method is-config="true" signature="getTestResultInExtentReport(org.testng.ITestResult)[pri:0, instance:petStoreSwaggerAPITests.TestAPI@1df82230]" started-at="2025-03-11T02:32:02 IST" name="getTestResultInExtentReport" finished-at="2025-03-11T02:32:02 IST" duration-ms="10" status="PASS">
          <params>
            <param index="0">
              <value>
                <![CDATA[[TestResult name=testUpdatePet status=SUCCESS method=TestAPI.testUpdatePet()[pri:3, instance:petStoreSwaggerAPITests.TestAPI@1df82230] output={null}]]]>
              </value>
            </param>
          </params>
          <reporter-output>
          </reporter-output>
        </test-method> <!-- getTestResultInExtentReport -->
        <test-method is-config="true" signature="before(org.testng.ITestResult)[pri:0, instance:petStoreSwaggerAPITests.TestAPI@1df82230]" started-at="2025-03-11T02:32:02 IST" name="before" finished-at="2025-03-11T02:32:02 IST" duration-ms="1" status="PASS">
          <params>
            <param index="0">
              <value>
                <![CDATA[[TestResult name={null} status=CREATED method=TestAPI.testDeletePet()[pri:4, instance:petStoreSwaggerAPITests.TestAPI@1df82230] output={null}]]]>
              </value>
            </param>
          </params>
          <reporter-output>
          </reporter-output>
        </test-method> <!-- before -->
        <test-method signature="testDeletePet()[pri:4, instance:petStoreSwaggerAPITests.TestAPI@1df82230]" started-at="2025-03-11T02:32:02 IST" name="testDeletePet" finished-at="2025-03-11T02:32:02 IST" duration-ms="292" status="PASS">
          <reporter-output>
          </reporter-output>
        </test-method> <!-- testDeletePet -->
        <test-method is-config="true" signature="getTestResultInExtentReport(org.testng.ITestResult)[pri:0, instance:petStoreSwaggerAPITests.TestAPI@1df82230]" started-at="2025-03-11T02:32:02 IST" name="getTestResultInExtentReport" finished-at="2025-03-11T02:32:02 IST" duration-ms="11" status="PASS">
          <params>
            <param index="0">
              <value>
                <![CDATA[[TestResult name=testDeletePet status=SUCCESS method=TestAPI.testDeletePet()[pri:4, instance:petStoreSwaggerAPITests.TestAPI@1df82230] output={null}]]]>
              </value>
            </param>
          </params>
          <reporter-output>
          </reporter-output>
        </test-method> <!-- getTestResultInExtentReport -->
      </class> <!-- petStoreSwaggerAPITests.TestAPI -->
    </test> <!-- Surefire test -->
  </suite> <!-- Surefire suite -->
</testng-results>
