<?xml version="1.0" encoding="UTF-8"?>
<testsuite xmlns:xsi="http://www.w3.org/2001/XMLSchema-instance" xsi:noNamespaceSchemaLocation="https://maven.apache.org/surefire/maven-surefire-plugin/xsd/surefire-test-report-3.0.xsd" version="3.0" name="petStoreSwaggerAPITests.TestAPI" time="31.683" tests="5" errors="0" skipped="0" failures="0">
  <properties>
[...]
</properties>
  <testcase name="testGetAllAvailablePetDetails" classname="petStoreSwaggerAPITests.TestAPI" time="10.583">
    <system-out><![CDATA[9223372036854775806 : doggie
9223372036854775805 : doggie
9223372036854775804 : doggie
9223372036854775803 : doggie
9223372036854775802 : doggie
9223372036854775801 : doggie
9223372036854775800 : doggie
9223372036854775799 : doggie
9223372036854775798 : doggie
9223372036854775797 : doggie
9223372036854775796 : fish
9223372036854775795 : doggie
9223372036854775794 : doggie
9223372036854775793 : doggie
15 : Рыжик
9223372036854775792 : doggie
9223372036854775791 : doggie
50193 : Max
92237203685477590 : doggie-yoggie
9223372036854775790 : doggie
9223372036854775789 : doggie
9223372036854775788 : doggie
9223372036854775787 : doggie
9223372036854775786 : doggie
9223372036854775785 : doggie
9223372036854775784 : doggie
9223372036854775783 : doggie
9223372036854775782 : doggie
922337203685477590 : doggie-yoggie
9223372036854775781 : doggie
9223372036854775780 : doggie
9223372036854775779 : doggie
9223372036854775778 : doggie
9223372036854775777 : doggie
9223372036854775776 : doggie
9223372036854775775 : doggie
9223372036854775774 : doggie
9223372036854775773 : doggie
9223372036854775772 : doggie
9223372036854775771 : doggie
29265306 : First Name
9223372036854775770 : doggie
9223372036854775769 : doggie
9223372036854775768 : doggie
9223372036854775767 : doggie
9223372036854775766 : doggie
9223372036854775765 : doggie
9223372036854775764 : doggie
9223372036854775763 : doggie
9223372036854775762 : doggie
9223372036854775761 : doggie
9223372036854775760 : doggie
9223372036854775759 : doggie
9223372036854775758 : doggie
1785898 : First Name
9223372036854775757 : doggie
9223372036854775756 : doggie
9223372036854775755 : doggie
9223372036854775754 : doggie
9223372036854775753 : doggie
9223372036854775752 : doggie
55 : runneradmin
9223372036854775751 : doggie
12345 : New Pussy
9223372036854775750 : doggie
9223372036854775749 : doggie
9223372036854775748 : doggie
9223372036854775747 : doggie
9223372036854775746 : doggie
9223372036854775745 : doggie
9223372036854775744 : doggie
9223372036854775743 : doggie
9223372036854775742 : doggie
9223372036854775741 : doggie
9223372036854775740 : doggie
9223372036854775739 : doggie
9223372036854775738 : doggie
9223372036854775737 : doggie
9223372036854775736 : doggie
9223372036854775735 : doggie
9223372036854775734 : doggie
9223372036854775733 : doggie
9223372036854775732 : doggie
9223372036854775731 : doggie
9223372036854775730 : doggie
9223372036854775729 : doggie
9223372036854775728 : doggie
9223372036854775727 : doggie
9222968140497180179 : test
9223372036854775726 : doggie
9223372036854775725 : doggie
83 : Princess
9223372036854775724 : doggie
9223372036854775723 : doggie
85 : Tuffy
9223372036854775722 : doggie
9223372036854775721 : doggie
9223372036854775720 : doggie
9223372036854775719 : doggie
9223372036854775718 : doggie
9223372036854775717 : doggie
9223372036854775716 : doggie
92 : Princess
9223372036854775715 : doggie
9223372036854775714 : doggie
9223372036854775713 : doggie
9223372036854775712 : doggie
9223372036854775711 : doggie
97 : Princess
9223372036854775710 : doggie
9223372036854775709 : doggie
9223372036854775708 : doggie
9223372036854775707 : doggie
9223372036854775706 : doggie
9223372036854775705 : doggie
9223372036854775704 : doggie
9223372036854775703 : doggie
9223372036854775702 : doggie
9223372036854775701 : doggie
9223372036854775700 : doggie
9223372036854775699 : doggie
9223372036854775698 : doggie
9223372036854775697 : doggie
9223372036854775696 : doggie
9223372036854775695 : doggie
9223372036854775694 : doggie
113 : Cristopher
9223372036854775693 : doggie
9223372036854775692 : doggie
9223372036854775691 : doggie
9223372036854775690 : doggie
9223372036854775689 : doggie
9223372036854775688 : doggie
9223372036854775687 : doggie
9223372036854775686 : doggie
9223372036854775685 : doggie
123 : Buddy
9223372036854775684 : doggie
9223372036854775683 : doggie
9223372036854775682 : doggie
9223372036854775681 : doggie
127 : Mireya
9223372036854775680 : doggie
9223372036854775679 : doggie
9223372036854775678 : doggie
9223372036854775677 : doggie
131 : doggie
9223372036854775676 : doggie
132 : doggie
9223372036854775675 : doggie
9223372036854775674 : doggie
9223372036854775673 : doggie
9223372036854775672 : doggie
9223372036854775671 : doggie
9223372036854775670 : doggie
9223372036854775669 : doggie
703617 : Cat1
9223372036854775668 : doggie
9223372036854775667 : doggie
9223372036854775666 : doggie
9223372036854775665 : doggie
9223372036854775664 : doggie
9223372036854775663 : doggie
9223372036854775662 : doggie
9223372036854775661 : doggie
9223372036854775660 : doggie
9223372036854775659 : doggie
9223372036854775658 : doggie
9223372036854775657 : doggie
9223372036854775656 : doggie
9223372036854775655 : doggie
9223372036854775654 : doggie
9223372036854775653 : doggie
9223372036854775652 : doggie
9223372036854775651 : doggie
9223372036854775650 : doggie
9223372036854775649 : doggie
9223372036854775648 : doggie
9223372036854775647 : doggie
9223372036854775646 : doggie
9223372036854775645 : doggie
9223372036854775644 : doggie
7586007 : Cat1
9223372036854775643 : doggie
9223372036854775642 : fish
9223372036854775641 : doggie
9223372036854775640 : doggie
9223372036854775639 : doggie
9223372036854775638 : doggie
9223372036854775637 : doggie
9223372036854775636 : doggie
9223372036854775635 : doggie
9223372036854775634 : doggie
17092009 : Betti
9223372036854775633 : doggie
9223372036854775632 : doggie
9223372036854775631 : doggie
9223372036854775630 : doggie
9223372036854775629 : doggie
9223372036854775628 : doggie
9223372036854775627 : doggie
9223372036854775626 : doggie
9223372036854775625 : doggie
9223372036854775621 : doggie
2235 : doggie
9223372036854775618 : doggie
193 : Lucy
9223372036854775614 : doggie
9223372036854775609 : doggie
9223372036854775608 : doggie
9223372036854775607 : doggie
9223372036854775604 : fish
9223372036854775603 : fish
9223372036854775600 : doggie
9223372036854775599 : doggie
1234 : Buddy
9223372036854775596 : doggie
9223372036854775595 : doggie
215 : Jacky
1245 : xyz
5512330 : Cat1
222 : tex
9223372036854775584 : doggie
9223372036854775575 : doggie
9223372036854775574 : fish
9223372036854775569 : Max
9223372036854775567 : puppie
9223372036854773493 : doggie
13579 : Buddy
9223372036854773491 : fish
9223372036854773478 : fish
100634 : Nova
9223372036854773475 : doggie
9223372036854773474 : doggie
9223372036854773473 : doggie
9223372036854773472 : doggie
9223372036854773471 : doggie
9223372036854773470 : doggie
9223372036854773469 : doggie
9223372036854773468 : doggie
9223372036854773467 : doggie
9223372036854773466 : doggie
9223372036854773465 : doggie
9223372036854773463 : doggie
9223372036854773462 : doggie
9223372036854773461 : doggie
9223372036854773460 : doggie
9223372036854773459 : doggie
9223372036854773458 : doggie
9223372036854773457 : doggie
9223372036854773456 : doggie
9223372036854773455 : doggie
304 : shibaInu
9223372036854773454 : doggie
9223372036854773453 : doggie
9223372036854773452 : doggie
9223372036854773451 : doggie
9223372036854773450 : doggie
9223372036854773449 : doggie
9223372036854773448 : doggie
9223372036854773447 : doggie
9223372036854773446 : doggie
1337 : doggie
9223372036854773445 : doggie
9223372036854773444 : doggie
9223372036854773443 : doggie
9223372036854773442 : doggie
9223372036854773441 : doggie
9223372036854773440 : doggie
3904772 : Cat1
9223372036854773439 : doggie
9223372036854773438 : doggie
9223372036854773437 : doggie
9223372036854773436 : doggie
9223372036854773435 : doggie
9223372036854773434 : doggie
9223372036854773433 : doggie
9223372036854773432 : doggie
9223372036854773431 : doggie
9223372036854773430 : doggie
9223372036854773429 : doggie
9223372036854773428 : doggie
9223372036854773427 : doggie
9223372036854773426 : doggie
9223372036854773425 : doggie
9223372036854773424 : doggie
9223372036854773423 : doggie
9223372036854773422 : doggie
9223372036854773421 : doggie
9223372036854773420 : doggie
9223372036854773419 : doggie
9223372036854773418 : doggie
9223372036854773417 : doggie
9223372036854773416 : doggie
9223372036854773415 : doggie
9223372036854773414 : doggie
9950670 : Cat1
9223372036854773413 : doggie
9223372036854773412 : doggie
9223372036854773411 : doggie
9223372036854773410 : doggie
9223372036854773409 : doggie
9223372036854773408 : doggie
9223372036854773407 : doggie
9223372036854773406 : doggie
9223372036854773405 : doggie
9223372036854773404 : doggie
9223372036854773403 : doggie
9223372036854773402 : doggie
9223372036854773401 : doggie
9223372036854773400 : doggie
9223372036854773399 : doggie
9223372036854773398 : doggie
9223372036854773397 : doggie
9223372036854773396 : doggie
9223372036854773395 : doggie
9223372036854773394 : doggie
9223372036854773393 : doggie
9223372036854773392 : doggie
9223372036854773391 : doggie
9223372036854773390 : doggie
9223372036854773389 : doggie
9223372036854773388 : doggie
9223372036854773387 : doggie
37703499 : First Name
9223372036854773386 : doggie
9223372036854773385 : doggie
374 : Bruno
9223372036854773384 : doggie
9223372036854773383 : doggie
9223372036854773382 : doggie
9223372036854773381 : doggie
9223372036854773380 : doggie
9223372036854773379 : doggie
9223372036854773378 : doggie
9223372036854773377 : doggie
9223372036854773376 : doggie
9223372036854773375 : doggie
9223372036854773374 : doggie
9223372036854773373 : doggie
9223372036854773372 : doggie
9223372036854773371 : doggie
9223372036854773370 : doggie
9223372036854773369 : doggie
9223372036854773368 : doggie
9223372036854773367 : doggie
9223372036854773366 : doggie
9223372036854773365 : doggie
9223372036854773364 : doggie
9223372036854773363 : doggie
9223372036854773362 : doggie
9223372036854773361 : doggie
9223372036854773360 : doggie
9223372036854773359 : doggie
9223372036854773358 : doggie
9223372036854773357 : doggie
9223372036854773356 : doggie
9223372036854775404 : doggie
9223372036854773355 : doggie
9223372036854773354 : doggie
9223372036854773353 : doggie
406 : doggie
9223372036854773352 : doggie
11562279 : First Name
9223372036854773351 : doggie
9223372036854773350 : doggie
9223372036854773349 : doggie
9223372036854773348 : doggie
9223372036854773347 : doggie
412 : Joey
9223372036854773346 : doggie
33304673 : Second Name
9223372036854773345 : doggie
9223372036854773344 : doggie
9223372036854773343 : doggie
9223372036854773342 : doggie
9223372036854773341 : doggie
7913946 : Cat1
9223372036854773340 : doggie
9223372036854773339 : doggie
9223372036854773338 : doggie
9223372036854773337 : doggie
9223372036854773336 : doggie
9223372036854773335 : doggie
9223372036854773334 : doggie
9223372036854773333 : doggie
9223372036854773332 : doggie
9223372036854773331 : doggie
9223372036854773330 : doggie
9223372036854773329 : doggie
9223372036854773328 : doggie
9223372036854773327 : doggie
9223372036854773326 : doggie
9223372036854773325 : doggie
9223372036854773324 : doggie
9223372036854773323 : doggie
9223372036854775371 : fish
9223372036854773322 : doggie
9223372036854773321 : doggie
9223372036854773320 : doggie
9223372036854773319 : doggie
9223372036854773318 : doggie
9223372036854773317 : doggie
9223372036854773316 : doggie
9223372036854773315 : doggie
9223372036854773314 : doggie
9223372036854773313 : doggie
9223372036854773312 : doggie
9223372036854773311 : doggie
9223372036854773310 : doggie
9223372036854773309 : doggie
9223372036854773308 : doggie
9223372036854773307 : doggie
9223372036854773306 : doggie
9223372036854773305 : doggie
9223372036854773304 : doggie
9223372036854773303 : doggie
9223372036854773302 : doggie
9223372036854773301 : doggie
9223372036854773300 : doggie
1000900 : Maggie
9223372036854773299 : doggie
98765 : Tweety
9223372036854773298 : doggie
9223372036854773296 : doggie
9223372036854773295 : doggie
9223372036854775343 : Max
9223372036854773294 : doggie
9223372036854775342 : Max
9223372036854773293 : doggie
9223372036854775341 : Max
9223372036854773292 : doggie
9223372036854775340 : doggie
9223372036854773291 : doggie
9223372036854773290 : doggie
9223372036854775338 : fish
9223372036854773289 : doggie
9223372036854773288 : doggie
9223372036854773287 : doggie
9223372036854773286 : doggie
9223372036854775334 : Guru
9223372036854773285 : doggie
9223372036854773284 : doggie
9223372036854773283 : doggie
9223372036854773282 : doggie
9223372036854773281 : doggie
9223372036854773280 : doggie
9223372036854773279 : doggie
9223372036854773278 : doggie
9223372036854773277 : doggie
9223372036854773276 : doggie
9223372036854773275 : doggie
9223372036854773274 : doggie
9223372036854775322 : CJ
9223372036854773273 : doggie
9223372036854775321 : CJ
9223372036854773272 : doggie
9223372036854775320 : CJ
9223372036854773271 : doggie
9223372036854775319 : doggie
9223372036854773270 : doggie
9223372036854775318 : CJ
9223372036854773269 : doggie
9223372036854773268 : doggie
9223372036854775316 : CJ
9223372036854773267 : doggie
9223372036854775315 : CJ
9223372036854773266 : doggie
9223372036854773265 : doggie
9223372036854775313 : doggie
9223372036854773264 : doggie
9223372036854773263 : doggie
9223372036854773262 : doggie
9223372036854775310 : CJ
9223372036854773261 : doggie
9223372036854773260 : doggie
9223372036854773259 : doggie
500 : Lucy
9223372036854773258 : doggie
9223372036854773257 : doggie
9223372036854773256 : doggie
9223372036854773255 : doggie
9223372036854773254 : doggie
9223372036854775302 : fish
9223372036854773253 : doggie
9223372036854775301 : fish
9223372036854773252 : doggie
9223372036854775300 : Cat
9223372036854773251 : doggie
9223372036854775299 : Cat
9223372036854773250 : doggie
9223372036854773249 : doggie
9223372036854773248 : doggie
9223372036854773247 : doggie
9223372036854773246 : doggie
9223372036854775294 : sugar
9223372036854773245 : doggie
9223372036854773244 : doggie
9223372036854773243 : doggie
9223372036854773242 : doggie
9223372036854773241 : doggie
9223372036854773240 : doggie
9223372036854773239 : doggie
9223372036854773238 : doggie
9223372036854773237 : doggie
9223372036854773236 : doggie
9223372036854773235 : doggie
9223372036854773234 : doggie
9223372036854773233 : doggie
9223372036854773232 : doggie
9223372036854773231 : doggie
9223372036854773230 : doggie
9223372036854775278 : Mark
9223372036854773229 : doggie
9223372036854773228 : doggie
9223372036854775276 : Banana
9223372036854773227 : doggie
9223372036854773226 : doggie
9223372036854773225 : doggie
9223372036854773224 : doggie
9223372036854773223 : doggie
9223372036854775271 : myPet7
9223372036854773222 : doggie
9223372036854773221 : doggie
9223372036854773220 : doggie
9223372036854773219 : doggie
9223372036854773218 : doggie
9223372036854775266 : Puff
31275968 : First Name
9223372036854773217 : doggie
9223372036854773216 : doggie
9223372036854773215 : doggie
9223372036854773214 : doggie
9223372036854773213 : doggie
9223372036854773212 : doggie
9223372036854773211 : doggie
9223372036854773210 : doggie
9223372036854773209 : doggie
9223372036854773208 : doggie
9223372036854773207 : doggie
9223372036854773206 : doggie
9223372036854773205 : doggie
9223372036854773204 : doggie
555 : Jacey
9223372036854773203 : doggie
9223372036854773202 : doggie
9223372036854773201 : doggie
9223372036854773200 : doggie
9223372036854773199 : doggie
9223372036854773198 : doggie
9223372036854773197 : doggie
9223372036854773196 : doggie
9223372036854773195 : doggie
9223372036854773194 : doggie
9223372036854773193 : doggie
9223372036854773192 : doggie
9223372036854773191 : doggie
9223372036854773190 : doggie
9223372036854773189 : doggie
9223372036854773188 : doggie
9223372036854773187 : doggie
9223372036854773186 : doggie
9223372036854773185 : doggie
9223372036854773184 : doggie
9223372036854773183 : doggie
9223372036854773182 : doggie
9223372036854773181 : doggie
9223372036854773180 : doggie
9223372036854773179 : doggie
9223372036854773178 : doggie
9223372036854773177 : doggie
9223372036854773176 : doggie
9223372036854773175 : doggie
9223372036854773174 : doggie
9223372036854773173 : doggie
9223372036854773172 : doggie
9223372036854773171 : doggie
9223372036854773170 : doggie
9223372036854773168 : doggie
9223372036854773167 : doggie
9223372036854773166 : doggie
3368546 : doggie
9223372036854773165 : doggie
9223372036854773164 : doggie
9223372036854773163 : doggie
9223372036854773162 : doggie
7430695 : Cat1
605 : Milo
112233 : Postman
6384136 : Cat1
4940517 : Cat1
9222968140491042131 : doggie
11384416 : First Name
746 : Bentley
50800105 : doggie
750 : Shane
50543088 : First Name
9223372036854773000 : doggie
333344444333333 : test
777 : Танос
20636215 : Second Name
32267006 : First Name
5444430 : Cat1
50976 : Scout
9223372036854775000 : doggie
833 : Jadon
857 : Renee
100187 : test_arisza
50025 : Joey
100210 : Murphey
3688379 : Cat1
555111222333 : Hobart_Mertz95
922 : Milo
22485706 : Second Name
170909 : Betti
94232112 : Second Name
2442132 : Cat1
10125858888 : дворняга
2543613 : Cat1
1001 : arisha
5717930 : Cat1
]]></system-out>
    <system-err><![CDATA[SLF4J: Failed to load class "org.slf4j.impl.StaticLoggerBinder".
SLF4J: Defaulting to no-operation (NOP) logger implementation
SLF4J: See http://www.slf4j.org/codes.html#StaticLoggerBinder for further details.
]]></system-err>
  </testcase>
  <testcase name="testFindPetByID" classname="petStoreSwaggerAPITests.TestAPI" time="0.483">
    <system-out><![CDATA[0 [main] DEBUG freemarker.cache  - Couldn't find template in cache for "spark/spark.spa.ftl"("en_IN", UTF-8, parsed); will try to load it.
11 [main] DEBUG freemarker.cache  - TemplateLoader.findTemplateSource("spark/spark.spa_en_IN.ftl"): Not found
25 [main] DEBUG freemarker.cache  - TemplateLoader.findTemplateSource("spark/spark.spa_en.ftl"): Not found
27 [main] DEBUG freemarker.cache  - TemplateLoader.findTemplateSource("spark/spark.spa.ftl"): Found
27 [main] DEBUG freemarker.cache  - Loading template for "spark/spark.spa.ftl"("en_IN", UTF-8, parsed) from "jar:file:/Users/zenabgorach/.m2/repository/com/aventstack/extentreports/5.0.9/extentreports-5.0.9.jar!/com/aventstack/extentreports/templates/spark/spark.spa.ftl"
723 [main] DEBUG freemarker.cache  - Couldn't find template in cache for "commons/commons-variables.ftl"("en_IN", UTF-8, parsed); will try to load it.
736 [main] DEBUG freemarker.cache  - TemplateLoader.findTemplateSource("commons/commons-variables_en_IN.ftl"): Not found
737 [main] DEBUG freemarker.cache  - TemplateLoader.findTemplateSource("commons/commons-variables_en.ftl"): Not found
737 [main] DEBUG freemarker.cache  - TemplateLoader.findTemplateSource("commons/commons-variables.ftl"): Found
738 [main] DEBUG freemarker.cache  - Loading template for "commons/commons-variables.ftl"("en_IN", UTF-8, parsed) from "jar:file:/Users/zenabgorach/.m2/repository/com/aventstack/extentreports/5.0.9/extentreports-5.0.9.jar!/com/aventstack/extentreports/templates/commons/commons-variables.ftl"
1478 [main] DEBUG freemarker.cache  - Couldn't find template in cache for "commons/commons-macros.ftl"("en_IN", UTF-8, parsed); will try to load it.
1479 [main] DEBUG freemarker.cache  - TemplateLoader.findTemplateSource("commons/commons-macros_en_IN.ftl"): Not found
1479 [main] DEBUG freemarker.cache  - TemplateLoader.findTemplateSource("commons/commons-macros_en.ftl"): Not found
1480 [main] DEBUG freemarker.cache  - TemplateLoader.findTemplateSource("commons/commons-macros.ftl"): Found
1491 [main] DEBUG freemarker.cache  - Loading template for "commons/commons-macros.ftl"("en_IN", UTF-8, parsed) from "jar:file:/Users/zenabgorach/.m2/repository/com/aventstack/extentreports/5.0.9/extentreports-5.0.9.jar!/com/aventstack/extentreports/templates/commons/commons-macros.ftl"
1553 [main] DEBUG freemarker.cache  - Couldn't find template in cache for "spark/macros/attributes.ftl"("en_IN", UTF-8, parsed); will try to load it.
1564 [main] DEBUG freemarker.cache  - TemplateLoader.findTemplateSource("spark/macros/attributes_en_IN.ftl"): Not found
1564 [main] DEBUG freemarker.cache  - TemplateLoader.findTemplateSource("spark/macros/attributes_en.ftl"): Not found
1565 [main] DEBUG freemarker.cache  - TemplateLoader.findTemplateSource("spark/macros/attributes.ftl"): Found
1566 [main] DEBUG freemarker.cache  - Loading template for "spark/macros/attributes.ftl"("en_IN", UTF-8, parsed) from "jar:file:/Users/zenabgorach/.m2/repository/com/aventstack/extentreports/5.0.9/extentreports-5.0.9.jar!/com/aventstack/extentreports/templates/spark/macros/attributes.ftl"
1571 [main] DEBUG freemarker.cache  - Couldn't find template in cache for "spark/macros/log.ftl"("en_IN", UTF-8, parsed); will try to load it.
1583 [main] DEBUG freemarker.cache  - TemplateLoader.findTemplateSource("spark/macros/log_en_IN.ftl"): Not found
1584 [main] DEBUG freemarker.cache  - TemplateLoader.findTemplateSource("spark/macros/log_en.ftl"): Not found
1584 [main] DEBUG freemarker.cache  - TemplateLoader.findTemplateSource("spark/macros/log.ftl"): Found
1585 [main] DEBUG freemarker.cache  - Loading template for "spark/macros/log.ftl"("en_IN", UTF-8, parsed) from "jar:file:/Users/zenabgorach/.m2/repository/com/aventstack/extentreports/5.0.9/extentreports-5.0.9.jar!/com/aventstack/extentreports/templates/spark/macros/log.ftl"
1600 [main] DEBUG freemarker.cache  - Couldn't find template in cache for "spark/macros/recurse_nodes.ftl"("en_IN", UTF-8, parsed); will try to load it.
1601 [main] DEBUG freemarker.cache  - TemplateLoader.findTemplateSource("spark/macros/recurse_nodes_en_IN.ftl"): Not found
1602 [main] DEBUG freemarker.cache  - TemplateLoader.findTemplateSource("spark/macros/recurse_nodes_en.ftl"): Not found
1603 [main] DEBUG freemarker.cache  - TemplateLoader.findTemplateSource("spark/macros/recurse_nodes.ftl"): Found
1603 [main] DEBUG freemarker.cache  - Loading template for "spark/macros/recurse_nodes.ftl"("en_IN", UTF-8, parsed) from "jar:file:/Users/zenabgorach/.m2/repository/com/aventstack/extentreports/5.0.9/extentreports-5.0.9.jar!/com/aventstack/extentreports/templates/spark/macros/recurse_nodes.ftl"
1624 [main] DEBUG freemarker.cache  - "spark/macros/log.ftl"("en_IN", UTF-8, parsed) cached copy not yet stale; using cached.
1624 [main] DEBUG freemarker.cache  - Couldn't find template in cache for "spark/macros/attr-common.ftl"("en_IN", UTF-8, parsed); will try to load it.
1625 [main] DEBUG freemarker.cache  - TemplateLoader.findTemplateSource("spark/macros/attr-common_en_IN.ftl"): Not found
1626 [main] DEBUG freemarker.cache  - TemplateLoader.findTemplateSource("spark/macros/attr-common_en.ftl"): Not found
1639 [main] DEBUG freemarker.cache  - TemplateLoader.findTemplateSource("spark/macros/attr-common.ftl"): Found
1640 [main] DEBUG freemarker.cache  - Loading template for "spark/macros/attr-common.ftl"("en_IN", UTF-8, parsed) from "jar:file:/Users/zenabgorach/.m2/repository/com/aventstack/extentreports/5.0.9/extentreports-5.0.9.jar!/com/aventstack/extentreports/templates/spark/macros/attr-common.ftl"
1714 [main] DEBUG freemarker.cache  - Couldn't find template in cache for "spark/partials/head.ftl"("en_IN", UTF-8, parsed); will try to load it.
1715 [main] DEBUG freemarker.cache  - TemplateLoader.findTemplateSource("spark/partials/head_en_IN.ftl"): Not found
1716 [main] DEBUG freemarker.cache  - TemplateLoader.findTemplateSource("spark/partials/head_en.ftl"): Not found
1716 [main] DEBUG freemarker.cache  - TemplateLoader.findTemplateSource("spark/partials/head.ftl"): Found
1716 [main] DEBUG freemarker.cache  - Loading template for "spark/partials/head.ftl"("en_IN", UTF-8, parsed) from "jar:file:/Users/zenabgorach/.m2/repository/com/aventstack/extentreports/5.0.9/extentreports-5.0.9.jar!/com/aventstack/extentreports/templates/spark/partials/head.ftl"
1751 [main] DEBUG freemarker.cache  - Couldn't find template in cache for "commons/commons-inject-css.ftl"("en_IN", UTF-8, parsed); will try to load it.
1752 [main] DEBUG freemarker.cache  - TemplateLoader.findTemplateSource("commons/commons-inject-css_en_IN.ftl"): Not found
1753 [main] DEBUG freemarker.cache  - TemplateLoader.findTemplateSource("commons/commons-inject-css_en.ftl"): Not found
1764 [main] DEBUG freemarker.cache  - TemplateLoader.findTemplateSource("commons/commons-inject-css.ftl"): Found
1764 [main] DEBUG freemarker.cache  - Loading template for "commons/commons-inject-css.ftl"("en_IN", UTF-8, parsed) from "jar:file:/Users/zenabgorach/.m2/repository/com/aventstack/extentreports/5.0.9/extentreports-5.0.9.jar!/com/aventstack/extentreports/templates/commons/commons-inject-css.ftl"
1767 [main] DEBUG freemarker.cache  - Couldn't find template in cache for "spark/partials/navbar.ftl"("en_IN", UTF-8, parsed); will try to load it.
1768 [main] DEBUG freemarker.cache  - TemplateLoader.findTemplateSource("spark/partials/navbar_en_IN.ftl"): Not found
1769 [main] DEBUG freemarker.cache  - TemplateLoader.findTemplateSource("spark/partials/navbar_en.ftl"): Not found
1770 [main] DEBUG freemarker.cache  - TemplateLoader.findTemplateSource("spark/partials/navbar.ftl"): Found
1770 [main] DEBUG freemarker.cache  - Loading template for "spark/partials/navbar.ftl"("en_IN", UTF-8, parsed) from "jar:file:/Users/zenabgorach/.m2/repository/com/aventstack/extentreports/5.0.9/extentreports-5.0.9.jar!/com/aventstack/extentreports/templates/spark/partials/navbar.ftl"
1821 [main] DEBUG freemarker.cache  - Couldn't find template in cache for "spark/partials/sidenav.ftl"("en_IN", UTF-8, parsed); will try to load it.
1822 [main] DEBUG freemarker.cache  - TemplateLoader.findTemplateSource("spark/partials/sidenav_en_IN.ftl"): Not found
1823 [main] DEBUG freemarker.cache  - TemplateLoader.findTemplateSource("spark/partials/sidenav_en.ftl"): Not found
1823 [main] DEBUG freemarker.cache  - TemplateLoader.findTemplateSource("spark/partials/sidenav.ftl"): Found
1824 [main] DEBUG freemarker.cache  - Loading template for "spark/partials/sidenav.ftl"("en_IN", UTF-8, parsed) from "jar:file:/Users/zenabgorach/.m2/repository/com/aventstack/extentreports/5.0.9/extentreports-5.0.9.jar!/com/aventstack/extentreports/templates/spark/partials/sidenav.ftl"
1916 [main] DEBUG freemarker.cache  - Couldn't find template in cache for "spark/partials/test.ftl"("en_IN", UTF-8, parsed); will try to load it.
1927 [main] DEBUG freemarker.cache  - TemplateLoader.findTemplateSource("spark/partials/test_en_IN.ftl"): Not found
1929 [main] DEBUG freemarker.cache  - TemplateLoader.findTemplateSource("spark/partials/test_en.ftl"): Not found
1930 [main] DEBUG freemarker.cache  - TemplateLoader.findTemplateSource("spark/partials/test.ftl"): Found
1930 [main] DEBUG freemarker.cache  - Loading template for "spark/partials/test.ftl"("en_IN", UTF-8, parsed) from "jar:file:/Users/zenabgorach/.m2/repository/com/aventstack/extentreports/5.0.9/extentreports-5.0.9.jar!/com/aventstack/extentreports/templates/spark/partials/test.ftl"
2053 [main] DEBUG freemarker.cache  - Couldn't find template in cache for "spark/partials/standard-content.ftl"("en_IN", UTF-8, parsed); will try to load it.
2065 [main] DEBUG freemarker.cache  - TemplateLoader.findTemplateSource("spark/partials/standard-content_en_IN.ftl"): Not found
2065 [main] DEBUG freemarker.cache  - TemplateLoader.findTemplateSource("spark/partials/standard-content_en.ftl"): Not found
2066 [main] DEBUG freemarker.cache  - TemplateLoader.findTemplateSource("spark/partials/standard-content.ftl"): Found
2067 [main] DEBUG freemarker.cache  - Loading template for "spark/partials/standard-content.ftl"("en_IN", UTF-8, parsed) from "jar:file:/Users/zenabgorach/.m2/repository/com/aventstack/extentreports/5.0.9/extentreports-5.0.9.jar!/com/aventstack/extentreports/templates/spark/partials/standard-content.ftl"
2085 [main] DEBUG freemarker.cache  - Couldn't find template in cache for "spark/partials/exception.ftl"("en_IN", UTF-8, parsed); will try to load it.
2085 [main] DEBUG freemarker.cache  - TemplateLoader.findTemplateSource("spark/partials/exception_en_IN.ftl"): Not found
2086 [main] DEBUG freemarker.cache  - TemplateLoader.findTemplateSource("spark/partials/exception_en.ftl"): Not found
2087 [main] DEBUG freemarker.cache  - TemplateLoader.findTemplateSource("spark/partials/exception.ftl"): Found
2097 [main] DEBUG freemarker.cache  - Loading template for "spark/partials/exception.ftl"("en_IN", UTF-8, parsed) from "jar:file:/Users/zenabgorach/.m2/repository/com/aventstack/extentreports/5.0.9/extentreports-5.0.9.jar!/com/aventstack/extentreports/templates/spark/partials/exception.ftl"
2101 [main] DEBUG freemarker.cache  - Couldn't find template in cache for "spark/partials/category.ftl"("en_IN", UTF-8, parsed); will try to load it.
2102 [main] DEBUG freemarker.cache  - TemplateLoader.findTemplateSource("spark/partials/category_en_IN.ftl"): Not found
2103 [main] DEBUG freemarker.cache  - TemplateLoader.findTemplateSource("spark/partials/category_en.ftl"): Not found
2115 [main] DEBUG freemarker.cache  - TemplateLoader.findTemplateSource("spark/partials/category.ftl"): Found
2116 [main] DEBUG freemarker.cache  - Loading template for "spark/partials/category.ftl"("en_IN", UTF-8, parsed) from "jar:file:/Users/zenabgorach/.m2/repository/com/aventstack/extentreports/5.0.9/extentreports-5.0.9.jar!/com/aventstack/extentreports/templates/spark/partials/category.ftl"
2119 [main] DEBUG freemarker.cache  - Couldn't find template in cache for "spark/partials/device.ftl"("en_IN", UTF-8, parsed); will try to load it.
2120 [main] DEBUG freemarker.cache  - TemplateLoader.findTemplateSource("spark/partials/device_en_IN.ftl"): Not found
2131 [main] DEBUG freemarker.cache  - TemplateLoader.findTemplateSource("spark/partials/device_en.ftl"): Not found
2133 [main] DEBUG freemarker.cache  - TemplateLoader.findTemplateSource("spark/partials/device.ftl"): Found
2134 [main] DEBUG freemarker.cache  - Loading template for "spark/partials/device.ftl"("en_IN", UTF-8, parsed) from "jar:file:/Users/zenabgorach/.m2/repository/com/aventstack/extentreports/5.0.9/extentreports-5.0.9.jar!/com/aventstack/extentreports/templates/spark/partials/device.ftl"
2136 [main] DEBUG freemarker.cache  - Couldn't find template in cache for "spark/partials/author.ftl"("en_IN", UTF-8, parsed); will try to load it.
2147 [main] DEBUG freemarker.cache  - TemplateLoader.findTemplateSource("spark/partials/author_en_IN.ftl"): Not found
2148 [main] DEBUG freemarker.cache  - TemplateLoader.findTemplateSource("spark/partials/author_en.ftl"): Not found
2149 [main] DEBUG freemarker.cache  - TemplateLoader.findTemplateSource("spark/partials/author.ftl"): Found
2150 [main] DEBUG freemarker.cache  - Loading template for "spark/partials/author.ftl"("en_IN", UTF-8, parsed) from "jar:file:/Users/zenabgorach/.m2/repository/com/aventstack/extentreports/5.0.9/extentreports-5.0.9.jar!/com/aventstack/extentreports/templates/spark/partials/author.ftl"
2152 [main] DEBUG freemarker.cache  - Couldn't find template in cache for "spark/partials/log.ftl"("en_IN", UTF-8, parsed); will try to load it.
2153 [main] DEBUG freemarker.cache  - TemplateLoader.findTemplateSource("spark/partials/log_en_IN.ftl"): Not found
2164 [main] DEBUG freemarker.cache  - TemplateLoader.findTemplateSource("spark/partials/log_en.ftl"): Not found
2165 [main] DEBUG freemarker.cache  - TemplateLoader.findTemplateSource("spark/partials/log.ftl"): Found
2165 [main] DEBUG freemarker.cache  - Loading template for "spark/partials/log.ftl"("en_IN", UTF-8, parsed) from "jar:file:/Users/zenabgorach/.m2/repository/com/aventstack/extentreports/5.0.9/extentreports-5.0.9.jar!/com/aventstack/extentreports/templates/spark/partials/log.ftl"
2168 [main] DEBUG freemarker.cache  - Couldn't find template in cache for "spark/partials/dashboard.ftl"("en_IN", UTF-8, parsed); will try to load it.
2169 [main] DEBUG freemarker.cache  - TemplateLoader.findTemplateSource("spark/partials/dashboard_en_IN.ftl"): Not found
2170 [main] DEBUG freemarker.cache  - TemplateLoader.findTemplateSource("spark/partials/dashboard_en.ftl"): Not found
2181 [main] DEBUG freemarker.cache  - TemplateLoader.findTemplateSource("spark/partials/dashboard.ftl"): Found
2181 [main] DEBUG freemarker.cache  - Loading template for "spark/partials/dashboard.ftl"("en_IN", UTF-8, parsed) from "jar:file:/Users/zenabgorach/.m2/repository/com/aventstack/extentreports/5.0.9/extentreports-5.0.9.jar!/com/aventstack/extentreports/templates/spark/partials/dashboard.ftl"
2499 [main] DEBUG freemarker.cache  - Couldn't find template in cache for "spark/partials/scripts.ftl"("en_IN", UTF-8, parsed); will try to load it.
2500 [main] DEBUG freemarker.cache  - TemplateLoader.findTemplateSource("spark/partials/scripts_en_IN.ftl"): Not found
2500 [main] DEBUG freemarker.cache  - TemplateLoader.findTemplateSource("spark/partials/scripts_en.ftl"): Not found
2501 [main] DEBUG freemarker.cache  - TemplateLoader.findTemplateSource("spark/partials/scripts.ftl"): Found
2501 [main] DEBUG freemarker.cache  - Loading template for "spark/partials/scripts.ftl"("en_IN", UTF-8, parsed) from "jar:file:/Users/zenabgorach/.m2/repository/com/aventstack/extentreports/5.0.9/extentreports-5.0.9.jar!/com/aventstack/extentreports/templates/spark/partials/scripts.ftl"
2504 [main] DEBUG freemarker.cache  - Couldn't find template in cache for "commons/commons-inject-js.ftl"("en_IN", UTF-8, parsed); will try to load it.
2515 [main] DEBUG freemarker.cache  - TemplateLoader.findTemplateSource("commons/commons-inject-js_en_IN.ftl"): Not found
2516 [main] DEBUG freemarker.cache  - TemplateLoader.findTemplateSource("commons/commons-inject-js_en.ftl"): Not found
2517 [main] DEBUG freemarker.cache  - TemplateLoader.findTemplateSource("commons/commons-inject-js.ftl"): Found
2518 [main] DEBUG freemarker.cache  - Loading template for "commons/commons-inject-js.ftl"("en_IN", UTF-8, parsed) from "jar:file:/Users/zenabgorach/.m2/repository/com/aventstack/extentreports/5.0.9/extentreports-5.0.9.jar!/com/aventstack/extentreports/templates/commons/commons-inject-js.ftl"
]]></system-out>
  </testcase>
  <testcase name="testCreatePet" classname="petStoreSwaggerAPITests.TestAPI" time="0.69">
    <system-out><![CDATA[3056 [main] DEBUG freemarker.cache  - "spark/spark.spa.ftl"("en_IN", UTF-8, parsed) cached copy not yet stale; using cached.
3068 [main] DEBUG freemarker.cache  - "commons/commons-variables.ftl"("en_IN", UTF-8, parsed) cached copy not yet stale; using cached.
3088 [main] DEBUG freemarker.cache  - "commons/commons-macros.ftl"("en_IN", UTF-8, parsed) cached copy not yet stale; using cached.
3089 [main] DEBUG freemarker.cache  - "spark/macros/attributes.ftl"("en_IN", UTF-8, parsed) cached copy not yet stale; using cached.
3104 [main] DEBUG freemarker.cache  - "spark/macros/log.ftl"("en_IN", UTF-8, parsed) cached copy not yet stale; using cached.
3105 [main] DEBUG freemarker.cache  - "spark/macros/recurse_nodes.ftl"("en_IN", UTF-8, parsed) cached copy not yet stale; using cached.
3105 [main] DEBUG freemarker.cache  - "spark/macros/log.ftl"("en_IN", UTF-8, parsed) cached copy not yet stale; using cached.
3106 [main] DEBUG freemarker.cache  - "spark/macros/attr-common.ftl"("en_IN", UTF-8, parsed) cached copy not yet stale; using cached.
3119 [main] DEBUG freemarker.cache  - "spark/partials/head.ftl"("en_IN", UTF-8, parsed) cached copy not yet stale; using cached.
3155 [main] DEBUG freemarker.cache  - "commons/commons-inject-css.ftl"("en_IN", UTF-8, parsed) cached copy not yet stale; using cached.
3156 [main] DEBUG freemarker.cache  - "spark/partials/navbar.ftl"("en_IN", UTF-8, parsed) cached copy not yet stale; using cached.
3173 [main] DEBUG freemarker.cache  - "spark/partials/sidenav.ftl"("en_IN", UTF-8, parsed) cached copy not yet stale; using cached.
3322 [main] DEBUG freemarker.cache  - "spark/partials/test.ftl"("en_IN", UTF-8, parsed) cached copy not yet stale; using cached.
3370 [main] DEBUG freemarker.cache  - "spark/partials/standard-content.ftl"("en_IN", UTF-8, parsed) cached copy not yet stale; using cached.
3424 [main] DEBUG freemarker.cache  - "spark/partials/standard-content.ftl"("en_IN", UTF-8, parsed) cached copy not yet stale; using cached.
3436 [main] DEBUG freemarker.cache  - "spark/partials/exception.ftl"("en_IN", UTF-8, parsed) cached copy not yet stale; using cached.
3438 [main] DEBUG freemarker.cache  - "spark/partials/category.ftl"("en_IN", UTF-8, parsed) cached copy not yet stale; using cached.
3454 [main] DEBUG freemarker.cache  - "spark/partials/device.ftl"("en_IN", UTF-8, parsed) cached copy not yet stale; using cached.
3455 [main] DEBUG freemarker.cache  - "spark/partials/author.ftl"("en_IN", UTF-8, parsed) cached copy not yet stale; using cached.
3457 [main] DEBUG freemarker.cache  - "spark/partials/log.ftl"("en_IN", UTF-8, parsed) cached copy not yet stale; using cached.
3469 [main] DEBUG freemarker.cache  - "spark/partials/dashboard.ftl"("en_IN", UTF-8, parsed) cached copy not yet stale; using cached.
3689 [main] DEBUG freemarker.cache  - "spark/partials/scripts.ftl"("en_IN", UTF-8, parsed) cached copy not yet stale; using cached.
3690 [main] DEBUG freemarker.cache  - "commons/commons-inject-js.ftl"("en_IN", UTF-8, parsed) cached copy not yet stale; using cached.
Created Pet ID: 12345
]]></system-out>
  </testcase>
  <testcase name="testUpdatePet" classname="petStoreSwaggerAPITests.TestAPI" time="0.392">
    <system-out><![CDATA[4527 [main] DEBUG freemarker.cache  - "spark/spark.spa.ftl"("en_IN", UTF-8, parsed) cached copy not yet stale; using cached.
4528 [main] DEBUG freemarker.cache  - "commons/commons-variables.ftl"("en_IN", UTF-8, parsed) cached copy not yet stale; using cached.
4544 [main] DEBUG freemarker.cache  - "commons/commons-macros.ftl"("en_IN", UTF-8, parsed) cached copy not yet stale; using cached.
4545 [main] DEBUG freemarker.cache  - "spark/macros/attributes.ftl"("en_IN", UTF-8, parsed) cached copy not yet stale; using cached.
4546 [main] DEBUG freemarker.cache  - "spark/macros/log.ftl"("en_IN", UTF-8, parsed) cached copy not yet stale; using cached.
4559 [main] DEBUG freemarker.cache  - "spark/macros/recurse_nodes.ftl"("en_IN", UTF-8, parsed) cached copy not yet stale; using cached.
4560 [main] DEBUG freemarker.cache  - "spark/macros/log.ftl"("en_IN", UTF-8, parsed) cached copy not yet stale; using cached.
4560 [main] DEBUG freemarker.cache  - "spark/macros/attr-common.ftl"("en_IN", UTF-8, parsed) cached copy not yet stale; using cached.
4562 [main] DEBUG freemarker.cache  - "spark/partials/head.ftl"("en_IN", UTF-8, parsed) cached copy not yet stale; using cached.
4611 [main] DEBUG freemarker.cache  - "commons/commons-inject-css.ftl"("en_IN", UTF-8, parsed) cached copy not yet stale; using cached.
4612 [main] DEBUG freemarker.cache  - "spark/partials/navbar.ftl"("en_IN", UTF-8, parsed) cached copy not yet stale; using cached.
4645 [main] DEBUG freemarker.cache  - "spark/partials/sidenav.ftl"("en_IN", UTF-8, parsed) cached copy not yet stale; using cached.
4797 [main] DEBUG freemarker.cache  - "spark/partials/test.ftl"("en_IN", UTF-8, parsed) cached copy not yet stale; using cached.
4878 [main] DEBUG freemarker.cache  - "spark/partials/standard-content.ftl"("en_IN", UTF-8, parsed) cached copy not yet stale; using cached.
4964 [main] DEBUG freemarker.cache  - "spark/partials/standard-content.ftl"("en_IN", UTF-8, parsed) cached copy not yet stale; using cached.
5040 [main] DEBUG freemarker.cache  - "spark/partials/standard-content.ftl"("en_IN", UTF-8, parsed) cached copy not yet stale; using cached.
5043 [main] DEBUG freemarker.cache  - "spark/partials/exception.ftl"("en_IN", UTF-8, parsed) cached copy not yet stale; using cached.
5059 [main] DEBUG freemarker.cache  - "spark/partials/category.ftl"("en_IN", UTF-8, parsed) cached copy not yet stale; using cached.
5075 [main] DEBUG freemarker.cache  - "spark/partials/device.ftl"("en_IN", UTF-8, parsed) cached copy not yet stale; using cached.
5076 [main] DEBUG freemarker.cache  - "spark/partials/author.ftl"("en_IN", UTF-8, parsed) cached copy not yet stale; using cached.
5077 [main] DEBUG freemarker.cache  - "spark/partials/log.ftl"("en_IN", UTF-8, parsed) cached copy not yet stale; using cached.
5095 [main] DEBUG freemarker.cache  - "spark/partials/dashboard.ftl"("en_IN", UTF-8, parsed) cached copy not yet stale; using cached.
5205 [main] DEBUG freemarker.cache  - "spark/partials/scripts.ftl"("en_IN", UTF-8, parsed) cached copy not yet stale; using cached.
5205 [main] DEBUG freemarker.cache  - "commons/commons-inject-js.ftl"("en_IN", UTF-8, parsed) cached copy not yet stale; using cached.
]]></system-out>
  </testcase>
  <testcase name="testDeletePet" classname="petStoreSwaggerAPITests.TestAPI" time="0.355">
    <system-out><![CDATA[5677 [main] DEBUG freemarker.cache  - TemplateLoader.findTemplateSource("spark/spark.spa_en_IN.ftl"): Not found
5679 [main] DEBUG freemarker.cache  - TemplateLoader.findTemplateSource("spark/spark.spa_en.ftl"): Not found
5694 [main] DEBUG freemarker.cache  - TemplateLoader.findTemplateSource("spark/spark.spa.ftl"): Found
5696 [main] DEBUG freemarker.cache  - "spark/spark.spa.ftl"("en_IN", UTF-8, parsed): using cached since jar:file:/Users/zenabgorach/.m2/repository/com/aventstack/extentreports/5.0.9/extentreports-5.0.9.jar!/com/aventstack/extentreports/templates/spark/spark.spa.ftl hasn't changed.
5699 [main] DEBUG freemarker.cache  - "commons/commons-variables.ftl"("en_IN", UTF-8, parsed) cached copy not yet stale; using cached.
5722 [main] DEBUG freemarker.cache  - "commons/commons-macros.ftl"("en_IN", UTF-8, parsed) cached copy not yet stale; using cached.
5722 [main] DEBUG freemarker.cache  - "spark/macros/attributes.ftl"("en_IN", UTF-8, parsed) cached copy not yet stale; using cached.
5723 [main] DEBUG freemarker.cache  - "spark/macros/log.ftl"("en_IN", UTF-8, parsed) cached copy not yet stale; using cached.
5724 [main] DEBUG freemarker.cache  - "spark/macros/recurse_nodes.ftl"("en_IN", UTF-8, parsed) cached copy not yet stale; using cached.
5735 [main] DEBUG freemarker.cache  - "spark/macros/log.ftl"("en_IN", UTF-8, parsed) cached copy not yet stale; using cached.
5735 [main] DEBUG freemarker.cache  - "spark/macros/attr-common.ftl"("en_IN", UTF-8, parsed) cached copy not yet stale; using cached.
5736 [main] DEBUG freemarker.cache  - "spark/partials/head.ftl"("en_IN", UTF-8, parsed) cached copy not yet stale; using cached.
5739 [main] DEBUG freemarker.cache  - "commons/commons-inject-css.ftl"("en_IN", UTF-8, parsed) cached copy not yet stale; using cached.
5741 [main] DEBUG freemarker.cache  - "spark/partials/navbar.ftl"("en_IN", UTF-8, parsed) cached copy not yet stale; using cached.
5744 [main] DEBUG freemarker.cache  - "spark/partials/sidenav.ftl"("en_IN", UTF-8, parsed) cached copy not yet stale; using cached.
5781 [main] DEBUG freemarker.cache  - "spark/partials/test.ftl"("en_IN", UTF-8, parsed) cached copy not yet stale; using cached.
5785 [main] DEBUG freemarker.cache  - "spark/partials/standard-content.ftl"("en_IN", UTF-8, parsed) cached copy not yet stale; using cached.
5790 [main] DEBUG freemarker.cache  - "spark/partials/standard-content.ftl"("en_IN", UTF-8, parsed) cached copy not yet stale; using cached.
5804 [main] DEBUG freemarker.cache  - "spark/partials/standard-content.ftl"("en_IN", UTF-8, parsed) cached copy not yet stale; using cached.
5807 [main] DEBUG freemarker.cache  - "spark/partials/standard-content.ftl"("en_IN", UTF-8, parsed) cached copy not yet stale; using cached.
5807 [main] DEBUG freemarker.cache  - "spark/partials/exception.ftl"("en_IN", UTF-8, parsed) cached copy not yet stale; using cached.
5808 [main] DEBUG freemarker.cache  - "spark/partials/category.ftl"("en_IN", UTF-8, parsed) cached copy not yet stale; using cached.
5808 [main] DEBUG freemarker.cache  - "spark/partials/device.ftl"("en_IN", UTF-8, parsed) cached copy not yet stale; using cached.
5808 [main] DEBUG freemarker.cache  - "spark/partials/author.ftl"("en_IN", UTF-8, parsed) cached copy not yet stale; using cached.
5808 [main] DEBUG freemarker.cache  - "spark/partials/log.ftl"("en_IN", UTF-8, parsed) cached copy not yet stale; using cached.
5809 [main] DEBUG freemarker.cache  - "spark/partials/dashboard.ftl"("en_IN", UTF-8, parsed) cached copy not yet stale; using cached.
5829 [main] DEBUG freemarker.cache  - "spark/partials/scripts.ftl"("en_IN", UTF-8, parsed) cached copy not yet stale; using cached.
5830 [main] DEBUG freemarker.cache  - "commons/commons-inject-js.ftl"("en_IN", UTF-8, parsed) cached copy not yet stale; using cached.
]]></system-out>
  </testcase>
</testsuite>